
Tue, 28 Sep 2021 23:00:15 +0000 : NO domainId

Tue, 28 Sep 2021 23:00:15 +0000 : NO senderId 

Tue, 28 Sep 2021 23:00:15 +0000 : NO concat 

Tue, 28 Sep 2021 23:00:15 +0000 : NO encoding

Tue, 28 Sep 2021 23:00:20 +0000 : Server Altiria response: OK dest:51921900473


Tue, 28 Sep 2021 23:01:59 +0000 : NO domainId

Tue, 28 Sep 2021 23:01:59 +0000 : NO senderId 

Tue, 28 Sep 2021 23:01:59 +0000 : NO concat 

Tue, 28 Sep 2021 23:01:59 +0000 : NO encoding

Tue, 28 Sep 2021 23:02:01 +0000 : Server Altiria response: OK dest:51916376338


Tue, 28 Sep 2021 23:27:53 +0000 : NO domainId

Tue, 28 Sep 2021 23:27:53 +0000 : NO senderId 

Tue, 28 Sep 2021 23:27:53 +0000 : NO concat 

Tue, 28 Sep 2021 23:27:53 +0000 : NO encoding

Tue, 28 Sep 2021 23:27:54 +0000 : Server Altiria response: OK dest:51916376338


Tue, 28 Sep 2021 23:33:05 +0000 : NO domainId

Tue, 28 Sep 2021 23:33:05 +0000 : NO senderId 

Tue, 28 Sep 2021 23:33:05 +0000 : NO concat 

Tue, 28 Sep 2021 23:33:05 +0000 : NO encoding

Tue, 28 Sep 2021 23:33:10 +0000 : Server Altiria response: OK dest:51916376338

